c:\users\incom\documents\visual studio 2017\projects\castlev\castlev\debug\vc141.pdb
c:\users\incom\documents\visual studio 2017\projects\castlev\castlev\debug\vc141.idb
c:\users\incom\documents\visual studio 2017\projects\castlev\castlev\debug\spritemanager.obj
c:\users\incom\documents\visual studio 2017\projects\castlev\castlev\debug\stagemanager.obj
c:\users\incom\documents\visual studio 2017\projects\castlev\castlev\debug\stopwatch.obj
c:\users\incom\documents\visual studio 2017\projects\castlev\castlev\debug\text.obj
c:\users\incom\documents\visual studio 2017\projects\castlev\castlev\debug\texture.obj
c:\users\incom\documents\visual studio 2017\projects\castlev\castlev\debug\timespan.obj
c:\users\incom\documents\visual studio 2017\projects\castlev\castlev\debug\transformable.obj
c:\users\incom\documents\visual studio 2017\projects\castlev\castlev\debug\utils.obj
c:\users\incom\documents\visual studio 2017\projects\castlev\castlev\debug\viewport.obj
c:\users\incom\documents\visual studio 2017\projects\castlev\castlev\debug\game.obj
c:\users\incom\documents\visual studio 2017\projects\castlev\castlev\debug\baseobject.obj
c:\users\incom\documents\visual studio 2017\projects\castlev\castlev\debug\collisionbody.obj
c:\users\incom\documents\visual studio 2017\projects\castlev\castlev\debug\wall.obj
c:\users\incom\documents\visual studio 2017\projects\castlev\castlev\debug\playscene.obj
c:\users\incom\documents\visual studio 2017\projects\castlev\castlev\debug\pugixml.obj
c:\users\incom\documents\visual studio 2017\projects\castlev\castlev\debug\main.obj
c:\users\incom\documents\visual studio 2017\projects\castlev\castlev\debug\myutils.obj
c:\users\incom\documents\visual studio 2017\projects\castlev\castlev\debug\tile.obj
c:\users\incom\documents\visual studio 2017\projects\castlev\castlev\debug\tilemap.obj
c:\users\incom\documents\visual studio 2017\projects\castlev\castlev\debug\tileset.obj
c:\users\incom\documents\visual studio 2017\projects\castlev\castlev\debug\castlevaniagame.obj
c:\users\incom\documents\visual studio 2017\projects\castlev\castlev\debug\animation.obj
c:\users\incom\documents\visual studio 2017\projects\castlev\castlev\debug\devicemanager.obj
c:\users\incom\documents\visual studio 2017\projects\castlev\castlev\debug\dxaudio.obj
c:\users\incom\documents\visual studio 2017\projects\castlev\castlev\debug\event.obj
c:\users\incom\documents\visual studio 2017\projects\castlev\castlev\debug\gametime.obj
c:\users\incom\documents\visual studio 2017\projects\castlev\castlev\debug\graphics.obj
c:\users\incom\documents\visual studio 2017\projects\castlev\castlev\debug\icomponent.obj
c:\users\incom\documents\visual studio 2017\projects\castlev\castlev\debug\inputcontroller.obj
c:\users\incom\documents\visual studio 2017\projects\castlev\castlev\debug\scene.obj
c:\users\incom\documents\visual studio 2017\projects\castlev\castlev\debug\scenemanager.obj
c:\users\incom\documents\visual studio 2017\projects\castlev\castlev\debug\soundmanager.obj
c:\users\incom\documents\visual studio 2017\projects\castlev\castlev\debug\sprite.obj
c:\users\incom\documents\visual studio 2017\projects\castlev\castlev\debug\quadtreenode.obj
c:\users\incom\documents\visual studio 2017\projects\castlev\castlev\debug\emptyobject.obj
c:\users\incom\documents\visual studio 2017\projects\castlev\castlev\debug\info.obj
c:\users\incom\documents\visual studio 2017\projects\castlev\castlev\debug\textsprite.obj
c:\users\incom\documents\visual studio 2017\projects\castlev\castlev\debug\player.obj
c:\users\incom\documents\visual studio 2017\projects\castlev\castlev\debug\candle.obj
c:\users\incom\documents\visual studio 2017\projects\castlev\castlev\debug\rope.obj
c:\users\incom\documents\visual studio 2017\projects\castlev\debug\castlev.exe
c:\users\incom\documents\visual studio 2017\projects\castlev\debug\castlev.ilk
c:\users\incom\documents\visual studio 2017\projects\castlev\debug\castlev.pdb
c:\users\incom\documents\visual studio 2017\projects\castlev\castlev\debug\castlev.tlog\cl.command.1.tlog
c:\users\incom\documents\visual studio 2017\projects\castlev\castlev\debug\castlev.tlog\cl.read.1.tlog
c:\users\incom\documents\visual studio 2017\projects\castlev\castlev\debug\castlev.tlog\cl.write.1.tlog
c:\users\incom\documents\visual studio 2017\projects\castlev\castlev\debug\castlev.tlog\link.command.1.tlog
c:\users\incom\documents\visual studio 2017\projects\castlev\castlev\debug\castlev.tlog\link.read.1.tlog
c:\users\incom\documents\visual studio 2017\projects\castlev\castlev\debug\castlev.tlog\link.write.1.tlog
